C:\USERS\DUSTIN\DOCUMENTS\GITHUB\HIERARCHICAL-GDA\CORE\OTHERBOTS\DEFENDBASEBOT\RELEASE\METAUNIT.OBJ
C:\USERS\DUSTIN\DOCUMENTS\GITHUB\HIERARCHICAL-GDA\CORE\OTHERBOTS\DEFENDBASEBOT\RELEASE\BUILDORDERMANAGER.OBJ
C:\USERS\DUSTIN\DOCUMENTS\GITHUB\HIERARCHICAL-GDA\CORE\OTHERBOTS\DEFENDBASEBOT\RELEASE\SCOUTMANAGER.OBJ
C:\USERS\DUSTIN\DOCUMENTS\GITHUB\HIERARCHICAL-GDA\CORE\OTHERBOTS\DEFENDBASEBOT\RELEASE\UPGRADEMANAGER.OBJ
C:\USERS\DUSTIN\DOCUMENTS\GITHUB\HIERARCHICAL-GDA\CORE\OTHERBOTS\DEFENDBASEBOT\RELEASE\TECHMANAGER.OBJ
C:\USERS\DUSTIN\DOCUMENTS\GITHUB\HIERARCHICAL-GDA\CORE\OTHERBOTS\DEFENDBASEBOT\RELEASE\BUILDMANAGER.OBJ
C:\USERS\DUSTIN\DOCUMENTS\GITHUB\HIERARCHICAL-GDA\CORE\OTHERBOTS\DEFENDBASEBOT\RELEASE\MORPHMANAGER.OBJ
C:\USERS\DUSTIN\DOCUMENTS\GITHUB\HIERARCHICAL-GDA\CORE\OTHERBOTS\DEFENDBASEBOT\RELEASE\PRODUCTIONMANAGER.OBJ
C:\USERS\DUSTIN\DOCUMENTS\GITHUB\HIERARCHICAL-GDA\CORE\OTHERBOTS\DEFENDBASEBOT\RELEASE\BASEMANAGER.OBJ
C:\USERS\DUSTIN\DOCUMENTS\GITHUB\HIERARCHICAL-GDA\CORE\OTHERBOTS\DEFENDBASEBOT\RELEASE\BASE.OBJ
C:\USERS\DUSTIN\DOCUMENTS\GITHUB\HIERARCHICAL-GDA\CORE\OTHERBOTS\DEFENDBASEBOT\RELEASE\CONSTRUCTIONMANAGER.OBJ
C:\USERS\DUSTIN\DOCUMENTS\GITHUB\HIERARCHICAL-GDA\CORE\OTHERBOTS\DEFENDBASEBOT\RELEASE\SUPPLYMANAGER.OBJ
C:\USERS\DUSTIN\DOCUMENTS\GITHUB\HIERARCHICAL-GDA\CORE\OTHERBOTS\DEFENDBASEBOT\RELEASE\BUILDINGPLACER.OBJ
C:\USERS\DUSTIN\DOCUMENTS\GITHUB\HIERARCHICAL-GDA\CORE\OTHERBOTS\DEFENDBASEBOT\RELEASE\WORKERMANAGER.OBJ
C:\USERS\DUSTIN\DOCUMENTS\GITHUB\HIERARCHICAL-GDA\CORE\OTHERBOTS\DEFENDBASEBOT\RELEASE\UTIL.OBJ
C:\USERS\DUSTIN\DOCUMENTS\GITHUB\HIERARCHICAL-GDA\CORE\OTHERBOTS\DEFENDBASEBOT\RELEASE\RUSHBOT.OBJ
C:\USERS\DUSTIN\DOCUMENTS\GITHUB\HIERARCHICAL-GDA\CORE\OTHERBOTS\DEFENDBASEBOT\RELEASE\ENHANCEDUI.OBJ
C:\USERS\DUSTIN\DOCUMENTS\GITHUB\HIERARCHICAL-GDA\CORE\OTHERBOTS\DEFENDBASEBOT\RELEASE\DLL.OBJ
C:\USERS\DUSTIN\DOCUMENTS\GITHUB\HIERARCHICAL-GDA\CORE\OTHERBOTS\DEFENDBASEBOT\RELEASE\ATTACKCLOSESTSCRIPT.OBJ
C:\USERS\DUSTIN\DOCUMENTS\GITHUB\HIERARCHICAL-GDA\CORE\OTHERBOTS\DEFENDBASEBOT\RELEASE\ASSIGNMENT.OBJ
C:\USERS\DUSTIN\DOCUMENTS\GITHUB\HIERARCHICAL-GDA\CORE\OTHERBOTS\DEFENDBASEBOT\RELEASE\BORDERMANAGER.OBJ
C:\USERS\DUSTIN\DOCUMENTS\GITHUB\HIERARCHICAL-GDA\CORE\OTHERBOTS\DEFENDBASEBOT\RELEASE\UNITGROUPMANAGER.OBJ
C:\USERS\DUSTIN\DOCUMENTS\GITHUB\HIERARCHICAL-GDA\CORE\OTHERBOTS\DEFENDBASEBOT\RELEASE\UNITGROUP.OBJ
C:\USERS\DUSTIN\DOCUMENTS\GITHUB\HIERARCHICAL-GDA\CORE\OTHERBOTS\DEFENDBASEBOT\RELEASE\INFORMATIONMANAGER.OBJ
C:\USERS\DUSTIN\DOCUMENTS\GITHUB\HIERARCHICAL-GDA\CORE\OTHERBOTS\DEFENDBASEBOT\RELEASE\DEFENSEMANAGER.OBJ
C:\USERS\DUSTIN\DOCUMENTS\GITHUB\HIERARCHICAL-GDA\CORE\OTHERBOTS\DEFENDBASEBOT\RELEASE\UNITITEM.OBJ
C:\USERS\DUSTIN\DOCUMENTS\GITHUB\HIERARCHICAL-GDA\CORE\OTHERBOTS\DEFENDBASEBOT\RELEASE\VC90.PDB
C:\Users\dustin\Documents\GitHub\hierarchical-gda\core\OtherBots\DefendBaseBot\Release\DefendBaseBot.lib
C:\Users\dustin\Documents\GitHub\hierarchical-gda\core\OtherBots\DefendBaseBot\Release\DefendBaseBot.exp
C:\USERS\DUSTIN\DOCUMENTS\GITHUB\HIERARCHICAL-GDA\CORE\OTHERBOTS\DEFENDBASEBOT\RELEASE\DEFENDBASEBOT.DLL
C:\USERS\DUSTIN\DOCUMENTS\GITHUB\HIERARCHICAL-GDA\CORE\OTHERBOTS\DEFENDBASEBOT\RELEASE\DEFENDBASEBOT.DLL.INTERMEDIATE.MANIFEST
C:\USERS\DUSTIN\DOCUMENTS\GITHUB\HIERARCHICAL-GDA\CORE\OTHERBOTS\DEFENDBASEBOT\RELEASE\DEFENDBASEBOT.PDB
C:\Users\dustin\Documents\GitHub\hierarchical-gda\core\OtherBots\DefendBaseBot\Release\Assignment.obj
C:\Users\dustin\Documents\GitHub\hierarchical-gda\core\OtherBots\DefendBaseBot\Release\AttackClosestScript.obj
C:\Users\dustin\Documents\GitHub\hierarchical-gda\core\OtherBots\DefendBaseBot\Release\Base.obj
C:\Users\dustin\Documents\GitHub\hierarchical-gda\core\OtherBots\DefendBaseBot\Release\BaseManager.obj
C:\Users\dustin\Documents\GitHub\hierarchical-gda\core\OtherBots\DefendBaseBot\Release\BorderManager.obj
C:\Users\dustin\Documents\GitHub\hierarchical-gda\core\OtherBots\DefendBaseBot\Release\BuildingPlacer.obj
C:\Users\dustin\Documents\GitHub\hierarchical-gda\core\OtherBots\DefendBaseBot\Release\BuildManager.obj
C:\Users\dustin\Documents\GitHub\hierarchical-gda\core\OtherBots\DefendBaseBot\Release\BuildOrderManager.obj
C:\Users\dustin\Documents\GitHub\hierarchical-gda\core\OtherBots\DefendBaseBot\Release\ConstructionManager.obj
C:\Users\dustin\Documents\GitHub\hierarchical-gda\core\OtherBots\DefendBaseBot\Release\DefenseManager.obj
C:\Users\dustin\Documents\GitHub\hierarchical-gda\core\OtherBots\DefendBaseBot\Release\Dll.obj
C:\Users\dustin\Documents\GitHub\hierarchical-gda\core\OtherBots\DefendBaseBot\Release\EnhancedUI.obj
C:\Users\dustin\Documents\GitHub\hierarchical-gda\core\OtherBots\DefendBaseBot\Release\InformationManager.obj
C:\Users\dustin\Documents\GitHub\hierarchical-gda\core\OtherBots\DefendBaseBot\Release\MetaUnit.obj
C:\Users\dustin\Documents\GitHub\hierarchical-gda\core\OtherBots\DefendBaseBot\Release\MorphManager.obj
C:\Users\dustin\Documents\GitHub\hierarchical-gda\core\OtherBots\DefendBaseBot\Release\ProductionManager.obj
C:\Users\dustin\Documents\GitHub\hierarchical-gda\core\OtherBots\DefendBaseBot\Release\RushBot.obj
C:\Users\dustin\Documents\GitHub\hierarchical-gda\core\OtherBots\DefendBaseBot\Release\ScoutManager.obj
C:\Users\dustin\Documents\GitHub\hierarchical-gda\core\OtherBots\DefendBaseBot\Release\SupplyManager.obj
C:\Users\dustin\Documents\GitHub\hierarchical-gda\core\OtherBots\DefendBaseBot\Release\TechManager.obj
C:\Users\dustin\Documents\GitHub\hierarchical-gda\core\OtherBots\DefendBaseBot\Release\UnitGroup.obj
C:\Users\dustin\Documents\GitHub\hierarchical-gda\core\OtherBots\DefendBaseBot\Release\UnitGroupManager.obj
C:\Users\dustin\Documents\GitHub\hierarchical-gda\core\OtherBots\DefendBaseBot\Release\UnitItem.obj
C:\Users\dustin\Documents\GitHub\hierarchical-gda\core\OtherBots\DefendBaseBot\Release\UpgradeManager.obj
C:\Users\dustin\Documents\GitHub\hierarchical-gda\core\OtherBots\DefendBaseBot\Release\Util.obj
C:\Users\dustin\Documents\GitHub\hierarchical-gda\core\OtherBots\DefendBaseBot\Release\WorkerManager.obj
C:\Users\dustin\Documents\GitHub\hierarchical-gda\core\OtherBots\DefendBaseBot\Release\cl.command.1.tlog
C:\Users\dustin\Documents\GitHub\hierarchical-gda\core\OtherBots\DefendBaseBot\Release\CL.read.1.tlog
C:\Users\dustin\Documents\GitHub\hierarchical-gda\core\OtherBots\DefendBaseBot\Release\CL.write.1.tlog
C:\Users\dustin\Documents\GitHub\hierarchical-gda\core\OtherBots\DefendBaseBot\Release\DefendBaseBot.write.1.tlog
C:\Users\dustin\Documents\GitHub\hierarchical-gda\core\OtherBots\DefendBaseBot\Release\link.command.1.tlog
C:\Users\dustin\Documents\GitHub\hierarchical-gda\core\OtherBots\DefendBaseBot\Release\link.read.1.tlog
C:\Users\dustin\Documents\GitHub\hierarchical-gda\core\OtherBots\DefendBaseBot\Release\link.write.1.tlog
C:\Users\dustin\Documents\GitHub\hierarchical-gda\core\OtherBots\DefendBaseBot\Release\mt.command.1.tlog
C:\Users\dustin\Documents\GitHub\hierarchical-gda\core\OtherBots\DefendBaseBot\Release\mt.read.1.tlog
C:\Users\dustin\Documents\GitHub\hierarchical-gda\core\OtherBots\DefendBaseBot\Release\mt.write.1.tlog
C:\Users\dustin\Documents\GitHub\hierarchical-gda\core\OtherBots\DefendBaseBot\Release\DefendBaseBot.dll.intermediate.manifest
C:\Users\dustin\Documents\GitHub\hierarchical-gda\core\OtherBots\DefendBaseBot\Release\DefendBaseBot.pdb
C:\Users\dustin\Documents\GitHub\hierarchical-gda\core\OtherBots\DefendBaseBot\Release\vc90.pdb
C:\Users\dustin\Documents\GitHub\hierarchical-gda\core\OtherBots\DefendBaseBot\Release\DefendBaseBot.dll
