C:\PROGRAM FILES (X86)\STARCRAFT\BWSAL_0.9.12\RUSHBOT\RELEASE\METAUNIT.OBJ
C:\PROGRAM FILES (X86)\STARCRAFT\BWSAL_0.9.12\RUSHBOT\RELEASE\SCOUTMANAGER.OBJ
C:\PROGRAM FILES (X86)\STARCRAFT\BWSAL_0.9.12\RUSHBOT\RELEASE\UPGRADEMANAGER.OBJ
C:\PROGRAM FILES (X86)\STARCRAFT\BWSAL_0.9.12\RUSHBOT\RELEASE\TECHMANAGER.OBJ
C:\PROGRAM FILES (X86)\STARCRAFT\BWSAL_0.9.12\RUSHBOT\RELEASE\BUILDMANAGER.OBJ
C:\PROGRAM FILES (X86)\STARCRAFT\BWSAL_0.9.12\RUSHBOT\RELEASE\MORPHMANAGER.OBJ
C:\PROGRAM FILES (X86)\STARCRAFT\BWSAL_0.9.12\RUSHBOT\RELEASE\PRODUCTIONMANAGER.OBJ
C:\PROGRAM FILES (X86)\STARCRAFT\BWSAL_0.9.12\RUSHBOT\RELEASE\BASEMANAGER.OBJ
C:\PROGRAM FILES (X86)\STARCRAFT\BWSAL_0.9.12\RUSHBOT\RELEASE\BASE.OBJ
C:\PROGRAM FILES (X86)\STARCRAFT\BWSAL_0.9.12\RUSHBOT\RELEASE\CONSTRUCTIONMANAGER.OBJ
C:\PROGRAM FILES (X86)\STARCRAFT\BWSAL_0.9.12\RUSHBOT\RELEASE\SUPPLYMANAGER.OBJ
C:\PROGRAM FILES (X86)\STARCRAFT\BWSAL_0.9.12\RUSHBOT\RELEASE\BUILDINGPLACER.OBJ
C:\PROGRAM FILES (X86)\STARCRAFT\BWSAL_0.9.12\RUSHBOT\RELEASE\WORKERMANAGER.OBJ
C:\PROGRAM FILES (X86)\STARCRAFT\BWSAL_0.9.12\RUSHBOT\RELEASE\UTIL.OBJ
C:\PROGRAM FILES (X86)\STARCRAFT\BWSAL_0.9.12\RUSHBOT\RELEASE\RUSHBOT.OBJ
C:\PROGRAM FILES (X86)\STARCRAFT\BWSAL_0.9.12\RUSHBOT\RELEASE\ENHANCEDUI.OBJ
C:\PROGRAM FILES (X86)\STARCRAFT\BWSAL_0.9.12\RUSHBOT\RELEASE\DLL.OBJ
C:\PROGRAM FILES (X86)\STARCRAFT\BWSAL_0.9.12\RUSHBOT\RELEASE\ATTACKCLOSESTSCRIPT.OBJ
C:\PROGRAM FILES (X86)\STARCRAFT\BWSAL_0.9.12\RUSHBOT\RELEASE\ASSIGNMENT.OBJ
C:\PROGRAM FILES (X86)\STARCRAFT\BWSAL_0.9.12\RUSHBOT\RELEASE\BORDERMANAGER.OBJ
C:\PROGRAM FILES (X86)\STARCRAFT\BWSAL_0.9.12\RUSHBOT\RELEASE\UNITGROUPMANAGER.OBJ
C:\PROGRAM FILES (X86)\STARCRAFT\BWSAL_0.9.12\RUSHBOT\RELEASE\UNITGROUP.OBJ
C:\PROGRAM FILES (X86)\STARCRAFT\BWSAL_0.9.12\RUSHBOT\RELEASE\INFORMATIONMANAGER.OBJ
C:\PROGRAM FILES (X86)\STARCRAFT\BWSAL_0.9.12\RUSHBOT\RELEASE\DEFENSEMANAGER.OBJ
C:\PROGRAM FILES (X86)\STARCRAFT\BWSAL_0.9.12\RUSHBOT\RELEASE\UNITITEM.OBJ
C:\Program Files (x86)\Starcraft\BWSAL_0.9.12\RushBot\Release\Assignment.obj
C:\Program Files (x86)\Starcraft\BWSAL_0.9.12\RushBot\Release\AttackClosestScript.obj
C:\Program Files (x86)\Starcraft\BWSAL_0.9.12\RushBot\Release\Base.obj
C:\Program Files (x86)\Starcraft\BWSAL_0.9.12\RushBot\Release\BaseManager.obj
C:\Program Files (x86)\Starcraft\BWSAL_0.9.12\RushBot\Release\BorderManager.obj
C:\Program Files (x86)\Starcraft\BWSAL_0.9.12\RushBot\Release\BuildingPlacer.obj
C:\Program Files (x86)\Starcraft\BWSAL_0.9.12\RushBot\Release\BuildManager.obj
C:\Program Files (x86)\Starcraft\BWSAL_0.9.12\RushBot\Release\ConstructionManager.obj
C:\Program Files (x86)\Starcraft\BWSAL_0.9.12\RushBot\Release\DefenseManager.obj
C:\Program Files (x86)\Starcraft\BWSAL_0.9.12\RushBot\Release\Dll.obj
C:\Program Files (x86)\Starcraft\BWSAL_0.9.12\RushBot\Release\EnhancedUI.obj
C:\Program Files (x86)\Starcraft\BWSAL_0.9.12\RushBot\Release\InformationManager.obj
C:\Program Files (x86)\Starcraft\BWSAL_0.9.12\RushBot\Release\MetaUnit.obj
C:\Program Files (x86)\Starcraft\BWSAL_0.9.12\RushBot\Release\MorphManager.obj
C:\Program Files (x86)\Starcraft\BWSAL_0.9.12\RushBot\Release\ProductionManager.obj
C:\Program Files (x86)\Starcraft\BWSAL_0.9.12\RushBot\Release\RushBot.obj
C:\Program Files (x86)\Starcraft\BWSAL_0.9.12\RushBot\Release\ScoutManager.obj
C:\Program Files (x86)\Starcraft\BWSAL_0.9.12\RushBot\Release\SupplyManager.obj
C:\Program Files (x86)\Starcraft\BWSAL_0.9.12\RushBot\Release\TechManager.obj
C:\Program Files (x86)\Starcraft\BWSAL_0.9.12\RushBot\Release\UnitGroup.obj
C:\Program Files (x86)\Starcraft\BWSAL_0.9.12\RushBot\Release\UnitGroupManager.obj
C:\Program Files (x86)\Starcraft\BWSAL_0.9.12\RushBot\Release\UnitItem.obj
C:\Program Files (x86)\Starcraft\BWSAL_0.9.12\RushBot\Release\UpgradeManager.obj
C:\Program Files (x86)\Starcraft\BWSAL_0.9.12\RushBot\Release\Util.obj
C:\Program Files (x86)\Starcraft\BWSAL_0.9.12\RushBot\Release\WorkerManager.obj
C:\Program Files (x86)\Starcraft\BWSAL_0.9.12\RushBot\Release\cl.command.1.tlog
C:\Program Files (x86)\Starcraft\BWSAL_0.9.12\RushBot\Release\CL.read.1.tlog
C:\Program Files (x86)\Starcraft\BWSAL_0.9.12\RushBot\Release\CL.write.1.tlog
C:\Program Files (x86)\Starcraft\BWSAL_0.9.12\RushBot\Release\vc90.pdb
