C:\USERS\GARY\DOWNLOADS\HIERARCHICAL-GDA-MASTER\CORE\STARCRAFTBOT\BWSAL_0.9.12\BASICAIMODULE\RELEASE\WORKERMANAGER.OBJ
C:\USERS\GARY\DOWNLOADS\HIERARCHICAL-GDA-MASTER\CORE\STARCRAFTBOT\BWSAL_0.9.12\BASICAIMODULE\RELEASE\UPGRADEMANAGER.OBJ
C:\USERS\GARY\DOWNLOADS\HIERARCHICAL-GDA-MASTER\CORE\STARCRAFTBOT\BWSAL_0.9.12\BASICAIMODULE\RELEASE\UNITITEM.OBJ
C:\USERS\GARY\DOWNLOADS\HIERARCHICAL-GDA-MASTER\CORE\STARCRAFTBOT\BWSAL_0.9.12\BASICAIMODULE\RELEASE\UNITGROUPMANAGER.OBJ
C:\USERS\GARY\DOWNLOADS\HIERARCHICAL-GDA-MASTER\CORE\STARCRAFTBOT\BWSAL_0.9.12\BASICAIMODULE\RELEASE\UNITGROUP.OBJ
C:\USERS\GARY\DOWNLOADS\HIERARCHICAL-GDA-MASTER\CORE\STARCRAFTBOT\BWSAL_0.9.12\BASICAIMODULE\RELEASE\TECHMANAGER.OBJ
C:\USERS\GARY\DOWNLOADS\HIERARCHICAL-GDA-MASTER\CORE\STARCRAFTBOT\BWSAL_0.9.12\BASICAIMODULE\RELEASE\SUPPLYMANAGER.OBJ
C:\USERS\GARY\DOWNLOADS\HIERARCHICAL-GDA-MASTER\CORE\STARCRAFTBOT\BWSAL_0.9.12\BASICAIMODULE\RELEASE\SCOUTMANAGER.OBJ
C:\USERS\GARY\DOWNLOADS\HIERARCHICAL-GDA-MASTER\CORE\STARCRAFTBOT\BWSAL_0.9.12\BASICAIMODULE\RELEASE\PRODUCTIONMANAGER.OBJ
C:\USERS\GARY\DOWNLOADS\HIERARCHICAL-GDA-MASTER\CORE\STARCRAFTBOT\BWSAL_0.9.12\BASICAIMODULE\RELEASE\MORPHMANAGER.OBJ
C:\USERS\GARY\DOWNLOADS\HIERARCHICAL-GDA-MASTER\CORE\STARCRAFTBOT\BWSAL_0.9.12\BASICAIMODULE\RELEASE\METAUNIT.OBJ
C:\USERS\GARY\DOWNLOADS\HIERARCHICAL-GDA-MASTER\CORE\STARCRAFTBOT\BWSAL_0.9.12\BASICAIMODULE\RELEASE\INFORMATIONMANAGER.OBJ
C:\USERS\GARY\DOWNLOADS\HIERARCHICAL-GDA-MASTER\CORE\STARCRAFTBOT\BWSAL_0.9.12\BASICAIMODULE\RELEASE\CONSTRUCTIONMANAGER.OBJ
C:\USERS\GARY\DOWNLOADS\HIERARCHICAL-GDA-MASTER\CORE\STARCRAFTBOT\BWSAL_0.9.12\BASICAIMODULE\RELEASE\BUILDORDERMANAGER.OBJ
C:\USERS\GARY\DOWNLOADS\HIERARCHICAL-GDA-MASTER\CORE\STARCRAFTBOT\BWSAL_0.9.12\BASICAIMODULE\RELEASE\BUILDMANAGER.OBJ
C:\USERS\GARY\DOWNLOADS\HIERARCHICAL-GDA-MASTER\CORE\STARCRAFTBOT\BWSAL_0.9.12\BASICAIMODULE\RELEASE\BUILDINGPLACER.OBJ
C:\USERS\GARY\DOWNLOADS\HIERARCHICAL-GDA-MASTER\CORE\STARCRAFTBOT\BWSAL_0.9.12\BASICAIMODULE\RELEASE\BORDERMANAGER.OBJ
C:\USERS\GARY\DOWNLOADS\HIERARCHICAL-GDA-MASTER\CORE\STARCRAFTBOT\BWSAL_0.9.12\BASICAIMODULE\RELEASE\BASEMANAGER.OBJ
C:\USERS\GARY\DOWNLOADS\HIERARCHICAL-GDA-MASTER\CORE\STARCRAFTBOT\BWSAL_0.9.12\BASICAIMODULE\RELEASE\BASE.OBJ
C:\USERS\GARY\DOWNLOADS\HIERARCHICAL-GDA-MASTER\CORE\STARCRAFTBOT\BWSAL_0.9.12\BASICAIMODULE\RELEASE\ASSIGNMENT.OBJ
C:\USERS\GARY\DOWNLOADS\HIERARCHICAL-GDA-MASTER\CORE\STARCRAFTBOT\BWSAL_0.9.12\BASICAIMODULE\RELEASE\PLANSTEP.OBJ
C:\USERS\GARY\DOWNLOADS\HIERARCHICAL-GDA-MASTER\CORE\STARCRAFTBOT\BWSAL_0.9.12\BASICAIMODULE\RELEASE\PLANNERCLIENT.OBJ
C:\USERS\GARY\DOWNLOADS\HIERARCHICAL-GDA-MASTER\CORE\STARCRAFTBOT\BWSAL_0.9.12\BASICAIMODULE\RELEASE\UTIL.OBJ
C:\USERS\GARY\DOWNLOADS\HIERARCHICAL-GDA-MASTER\CORE\STARCRAFTBOT\BWSAL_0.9.12\BASICAIMODULE\RELEASE\DLL.OBJ
C:\USERS\GARY\DOWNLOADS\HIERARCHICAL-GDA-MASTER\CORE\STARCRAFTBOT\BWSAL_0.9.12\BASICAIMODULE\RELEASE\BOTAIMODULE.OBJ
C:\USERS\GARY\DOWNLOADS\HIERARCHICAL-GDA-MASTER\CORE\STARCRAFTBOT\BWSAL_0.9.12\BASICAIMODULE\RELEASE\GAMESTATEDUMPER.OBJ
C:\USERS\GARY\DOWNLOADS\HIERARCHICAL-GDA-MASTER\CORE\STARCRAFTBOT\BWSAL_0.9.12\BASICAIMODULE\RELEASE\PLANEXECUTOR.OBJ
C:\USERS\GARY\DOWNLOADS\HIERARCHICAL-GDA-MASTER\CORE\STARCRAFTBOT\BWSAL_0.9.12\BASICAIMODULE\RELEASE\UNITPRODUCTIONMANAGER.OBJ
C:\USERS\GARY\DOWNLOADS\HIERARCHICAL-GDA-MASTER\CORE\STARCRAFTBOT\BWSAL_0.9.12\BASICAIMODULE\RELEASE\EXPANDMANAGER.OBJ
C:\USERS\GARY\DOWNLOADS\HIERARCHICAL-GDA-MASTER\CORE\STARCRAFTBOT\BWSAL_0.9.12\BASICAIMODULE\RELEASE\EXPANDANDMINE.OBJ
C:\USERS\GARY\DOWNLOADS\HIERARCHICAL-GDA-MASTER\CORE\STARCRAFTBOT\BWSAL_0.9.12\BASICAIMODULE\RELEASE\DEFENDSCRIPT.OBJ
C:\USERS\GARY\DOWNLOADS\HIERARCHICAL-GDA-MASTER\CORE\STARCRAFTBOT\BWSAL_0.9.12\BASICAIMODULE\RELEASE\DEBUGPRINTER.OBJ
C:\USERS\GARY\DOWNLOADS\HIERARCHICAL-GDA-MASTER\CORE\STARCRAFTBOT\BWSAL_0.9.12\BASICAIMODULE\RELEASE\ATTACKCLOSESTSCRIPT.OBJ
C:\USERS\GARY\DOWNLOADS\HIERARCHICAL-GDA-MASTER\CORE\STARCRAFTBOT\BWSAL_0.9.12\BASICAIMODULE\RELEASE\VC90.PDB
C:\Users\Gary\Downloads\hierarchical-gda-master\core\StarcraftBot\BWSAL_0.9.12\Release\HierarchicalGDABot.lib
C:\Users\Gary\Downloads\hierarchical-gda-master\core\StarcraftBot\BWSAL_0.9.12\Release\HierarchicalGDABot.exp
C:\USERS\GARY\DOWNLOADS\HIERARCHICAL-GDA-MASTER\CORE\STARCRAFTBOT\BWSAL_0.9.12\RELEASE\HIERARCHICALGDABOT.DLL
C:\USERS\GARY\DOWNLOADS\HIERARCHICAL-GDA-MASTER\CORE\STARCRAFTBOT\BWSAL_0.9.12\BASICAIMODULE\RELEASE\HIERARCHICALGDABOT.DLL.INTERMEDIATE.MANIFEST
C:\USERS\GARY\DOWNLOADS\HIERARCHICAL-GDA-MASTER\CORE\STARCRAFTBOT\BWSAL_0.9.12\RELEASE\HIERARCHICALGDABOT.PDB
C:\Users\Gary\Downloads\hierarchical-gda-master\core\StarcraftBot\BWSAL_0.9.12\BasicAIModule\Release\Assignment.obj
C:\Users\Gary\Downloads\hierarchical-gda-master\core\StarcraftBot\BWSAL_0.9.12\BasicAIModule\Release\AttackClosestScript.obj
C:\Users\Gary\Downloads\hierarchical-gda-master\core\StarcraftBot\BWSAL_0.9.12\BasicAIModule\Release\Base.obj
C:\Users\Gary\Downloads\hierarchical-gda-master\core\StarcraftBot\BWSAL_0.9.12\BasicAIModule\Release\BaseManager.obj
C:\Users\Gary\Downloads\hierarchical-gda-master\core\StarcraftBot\BWSAL_0.9.12\BasicAIModule\Release\BorderManager.obj
C:\Users\Gary\Downloads\hierarchical-gda-master\core\StarcraftBot\BWSAL_0.9.12\BasicAIModule\Release\BotAIModule.obj
C:\Users\Gary\Downloads\hierarchical-gda-master\core\StarcraftBot\BWSAL_0.9.12\BasicAIModule\Release\BuildingPlacer.obj
C:\Users\Gary\Downloads\hierarchical-gda-master\core\StarcraftBot\BWSAL_0.9.12\BasicAIModule\Release\BuildManager.obj
C:\Users\Gary\Downloads\hierarchical-gda-master\core\StarcraftBot\BWSAL_0.9.12\BasicAIModule\Release\BuildOrderManager.obj
C:\Users\Gary\Downloads\hierarchical-gda-master\core\StarcraftBot\BWSAL_0.9.12\BasicAIModule\Release\ConstructionManager.obj
C:\Users\Gary\Downloads\hierarchical-gda-master\core\StarcraftBot\BWSAL_0.9.12\BasicAIModule\Release\DebugPrinter.obj
C:\Users\Gary\Downloads\hierarchical-gda-master\core\StarcraftBot\BWSAL_0.9.12\BasicAIModule\Release\DefendScript.obj
C:\Users\Gary\Downloads\hierarchical-gda-master\core\StarcraftBot\BWSAL_0.9.12\BasicAIModule\Release\Dll.obj
C:\Users\Gary\Downloads\hierarchical-gda-master\core\StarcraftBot\BWSAL_0.9.12\BasicAIModule\Release\ExpandAndMine.obj
C:\Users\Gary\Downloads\hierarchical-gda-master\core\StarcraftBot\BWSAL_0.9.12\BasicAIModule\Release\ExpandManager.obj
C:\Users\Gary\Downloads\hierarchical-gda-master\core\StarcraftBot\BWSAL_0.9.12\BasicAIModule\Release\GamestateDumper.obj
C:\Users\Gary\Downloads\hierarchical-gda-master\core\StarcraftBot\BWSAL_0.9.12\BasicAIModule\Release\InformationManager.obj
C:\Users\Gary\Downloads\hierarchical-gda-master\core\StarcraftBot\BWSAL_0.9.12\BasicAIModule\Release\MetaUnit.obj
C:\Users\Gary\Downloads\hierarchical-gda-master\core\StarcraftBot\BWSAL_0.9.12\BasicAIModule\Release\MorphManager.obj
C:\Users\Gary\Downloads\hierarchical-gda-master\core\StarcraftBot\BWSAL_0.9.12\BasicAIModule\Release\PlanExecutor.obj
C:\Users\Gary\Downloads\hierarchical-gda-master\core\StarcraftBot\BWSAL_0.9.12\BasicAIModule\Release\PlannerClient.obj
C:\Users\Gary\Downloads\hierarchical-gda-master\core\StarcraftBot\BWSAL_0.9.12\BasicAIModule\Release\PlanStep.obj
C:\Users\Gary\Downloads\hierarchical-gda-master\core\StarcraftBot\BWSAL_0.9.12\BasicAIModule\Release\ProductionManager.obj
C:\Users\Gary\Downloads\hierarchical-gda-master\core\StarcraftBot\BWSAL_0.9.12\BasicAIModule\Release\ScoutManager.obj
C:\Users\Gary\Downloads\hierarchical-gda-master\core\StarcraftBot\BWSAL_0.9.12\BasicAIModule\Release\SupplyManager.obj
C:\Users\Gary\Downloads\hierarchical-gda-master\core\StarcraftBot\BWSAL_0.9.12\BasicAIModule\Release\TechManager.obj
C:\Users\Gary\Downloads\hierarchical-gda-master\core\StarcraftBot\BWSAL_0.9.12\BasicAIModule\Release\UnitGroup.obj
C:\Users\Gary\Downloads\hierarchical-gda-master\core\StarcraftBot\BWSAL_0.9.12\BasicAIModule\Release\UnitGroupManager.obj
C:\Users\Gary\Downloads\hierarchical-gda-master\core\StarcraftBot\BWSAL_0.9.12\BasicAIModule\Release\UnitItem.obj
C:\Users\Gary\Downloads\hierarchical-gda-master\core\StarcraftBot\BWSAL_0.9.12\BasicAIModule\Release\UnitProductionManager.obj
C:\Users\Gary\Downloads\hierarchical-gda-master\core\StarcraftBot\BWSAL_0.9.12\BasicAIModule\Release\UpgradeManager.obj
C:\Users\Gary\Downloads\hierarchical-gda-master\core\StarcraftBot\BWSAL_0.9.12\BasicAIModule\Release\Util.obj
C:\Users\Gary\Downloads\hierarchical-gda-master\core\StarcraftBot\BWSAL_0.9.12\BasicAIModule\Release\WorkerManager.obj
C:\Users\Gary\Downloads\hierarchical-gda-master\core\StarcraftBot\BWSAL_0.9.12\BasicAIModule\Release\cl.command.1.tlog
C:\Users\Gary\Downloads\hierarchical-gda-master\core\StarcraftBot\BWSAL_0.9.12\BasicAIModule\Release\CL.read.1.tlog
C:\Users\Gary\Downloads\hierarchical-gda-master\core\StarcraftBot\BWSAL_0.9.12\BasicAIModule\Release\CL.write.1.tlog
C:\Users\Gary\Downloads\hierarchical-gda-master\core\StarcraftBot\BWSAL_0.9.12\BasicAIModule\Release\HierarchicalGDABot.write.1.tlog
C:\Users\Gary\Downloads\hierarchical-gda-master\core\StarcraftBot\BWSAL_0.9.12\BasicAIModule\Release\link.command.1.tlog
C:\Users\Gary\Downloads\hierarchical-gda-master\core\StarcraftBot\BWSAL_0.9.12\BasicAIModule\Release\link.read.1.tlog
C:\Users\Gary\Downloads\hierarchical-gda-master\core\StarcraftBot\BWSAL_0.9.12\BasicAIModule\Release\link.write.1.tlog
C:\Users\Gary\Downloads\hierarchical-gda-master\core\StarcraftBot\BWSAL_0.9.12\BasicAIModule\Release\mt.command.1.tlog
C:\Users\Gary\Downloads\hierarchical-gda-master\core\StarcraftBot\BWSAL_0.9.12\BasicAIModule\Release\mt.read.1.tlog
C:\Users\Gary\Downloads\hierarchical-gda-master\core\StarcraftBot\BWSAL_0.9.12\BasicAIModule\Release\mt.write.1.tlog
C:\Users\Gary\Downloads\hierarchical-gda-master\core\StarcraftBot\BWSAL_0.9.12\BasicAIModule\Release\HierarchicalGDABot.dll.intermediate.manifest
C:\Users\Gary\Downloads\hierarchical-gda-master\core\StarcraftBot\BWSAL_0.9.12\BasicAIModule\Release\vc90.pdb
C:\Users\Gary\Downloads\hierarchical-gda-master\core\StarcraftBot\BWSAL_0.9.12\Release\HierarchicalGDABot.pdb
C:\Users\Gary\Downloads\hierarchical-gda-master\core\StarcraftBot\BWSAL_0.9.12\Release\HierarchicalGDABot.dll
