C:\USERS\DUSTIN\DESKTOP\CURRENT PROJECTS\UALBERTABOT\ADVERSARIALSEARCH\VISUALSTUDIO\RELEASE\TRANSPOSITIONTABLE.OBJ
C:\USERS\DUSTIN\DESKTOP\CURRENT PROJECTS\UALBERTABOT\ADVERSARIALSEARCH\VISUALSTUDIO\RELEASE\TIMER.OBJ
C:\USERS\DUSTIN\DESKTOP\CURRENT PROJECTS\UALBERTABOT\ADVERSARIALSEARCH\VISUALSTUDIO\RELEASE\TEST.OBJ
C:\USERS\DUSTIN\DESKTOP\CURRENT PROJECTS\UALBERTABOT\ADVERSARIALSEARCH\VISUALSTUDIO\RELEASE\PLAYER.OBJ
C:\USERS\DUSTIN\DESKTOP\CURRENT PROJECTS\UALBERTABOT\ADVERSARIALSEARCH\VISUALSTUDIO\RELEASE\MICROSEARCHPARAMETERS.OBJ
C:\USERS\DUSTIN\DESKTOP\CURRENT PROJECTS\UALBERTABOT\ADVERSARIALSEARCH\VISUALSTUDIO\RELEASE\HASH.OBJ
C:\USERS\DUSTIN\DESKTOP\CURRENT PROJECTS\UALBERTABOT\ADVERSARIALSEARCH\VISUALSTUDIO\RELEASE\GAMESTATE.OBJ
C:\USERS\DUSTIN\DESKTOP\CURRENT PROJECTS\UALBERTABOT\ADVERSARIALSEARCH\VISUALSTUDIO\RELEASE\GAME.OBJ
C:\USERS\DUSTIN\DESKTOP\CURRENT PROJECTS\UALBERTABOT\ADVERSARIALSEARCH\VISUALSTUDIO\RELEASE\DISPLAY.OBJ
C:\USERS\DUSTIN\DESKTOP\CURRENT PROJECTS\UALBERTABOT\ADVERSARIALSEARCH\VISUALSTUDIO\RELEASE\COMMON.OBJ
C:\USERS\DUSTIN\DESKTOP\CURRENT PROJECTS\UALBERTABOT\ADVERSARIALSEARCH\VISUALSTUDIO\RELEASE\ALPHABETA.OBJ
C:\USERS\DUSTIN\DESKTOP\CURRENT PROJECTS\UALBERTABOT\ADVERSARIALSEARCH\VISUALSTUDIO\RELEASE\VC90.PDB
C:\USERS\DUSTIN\DESKTOP\CURRENT PROJECTS\UALBERTABOT\UALBERTABOT\VISUALSTUDIO\RELEASE\ADVERSARIALSEARCH.EXE
C:\USERS\DUSTIN\DESKTOP\CURRENT PROJECTS\UALBERTABOT\UALBERTABOT\VISUALSTUDIO\RELEASE\ADVERSARIALSEARCH.MAP
C:\USERS\DUSTIN\DESKTOP\CURRENT PROJECTS\UALBERTABOT\ADVERSARIALSEARCH\VISUALSTUDIO\RELEASE\ADVERSARIALSEARCH.EXE.INTERMEDIATE.MANIFEST
C:\USERS\DUSTIN\DESKTOP\CURRENT PROJECTS\UALBERTABOT\UALBERTABOT\VISUALSTUDIO\RELEASE\ADVERSARIALSEARCH.PDB
C:\Users\dustin\Desktop\Current Projects\UAlbertaBot\AdversarialSearch\VisualStudio\Release\AlphaBeta.obj
C:\Users\dustin\Desktop\Current Projects\UAlbertaBot\AdversarialSearch\VisualStudio\Release\Common.obj
C:\Users\dustin\Desktop\Current Projects\UAlbertaBot\AdversarialSearch\VisualStudio\Release\Display.obj
C:\Users\dustin\Desktop\Current Projects\UAlbertaBot\AdversarialSearch\VisualStudio\Release\Game.obj
C:\Users\dustin\Desktop\Current Projects\UAlbertaBot\AdversarialSearch\VisualStudio\Release\GameState.obj
C:\Users\dustin\Desktop\Current Projects\UAlbertaBot\AdversarialSearch\VisualStudio\Release\Hash.obj
C:\Users\dustin\Desktop\Current Projects\UAlbertaBot\AdversarialSearch\VisualStudio\Release\MicroSearchParameters.obj
C:\Users\dustin\Desktop\Current Projects\UAlbertaBot\AdversarialSearch\VisualStudio\Release\Player.obj
C:\Users\dustin\Desktop\Current Projects\UAlbertaBot\AdversarialSearch\VisualStudio\Release\test.obj
C:\Users\dustin\Desktop\Current Projects\UAlbertaBot\AdversarialSearch\VisualStudio\Release\Timer.obj
C:\Users\dustin\Desktop\Current Projects\UAlbertaBot\AdversarialSearch\VisualStudio\Release\TranspositionTable.obj
C:\Users\dustin\Desktop\Current Projects\UAlbertaBot\AdversarialSearch\VisualStudio\Release\cl.command.1.tlog
C:\Users\dustin\Desktop\Current Projects\UAlbertaBot\AdversarialSearch\VisualStudio\Release\CL.read.1.tlog
C:\Users\dustin\Desktop\Current Projects\UAlbertaBot\AdversarialSearch\VisualStudio\Release\CL.write.1.tlog
C:\Users\dustin\Desktop\Current Projects\UAlbertaBot\AdversarialSearch\VisualStudio\Release\link.command.1.tlog
C:\Users\dustin\Desktop\Current Projects\UAlbertaBot\AdversarialSearch\VisualStudio\Release\link.read.1.tlog
C:\Users\dustin\Desktop\Current Projects\UAlbertaBot\AdversarialSearch\VisualStudio\Release\link.write.1.tlog
C:\Users\dustin\Desktop\Current Projects\UAlbertaBot\AdversarialSearch\VisualStudio\Release\mt.command.1.tlog
C:\Users\dustin\Desktop\Current Projects\UAlbertaBot\AdversarialSearch\VisualStudio\Release\mt.read.1.tlog
C:\Users\dustin\Desktop\Current Projects\UAlbertaBot\AdversarialSearch\VisualStudio\Release\mt.write.1.tlog
C:\Users\dustin\Desktop\Current Projects\UAlbertaBot\AdversarialSearch\VisualStudio\Release\AdversarialSearch.exe.intermediate.manifest
C:\Users\dustin\Desktop\Current Projects\UAlbertaBot\AdversarialSearch\VisualStudio\Release\vc90.pdb
C:\Users\dustin\Desktop\Current Projects\UAlbertaBot\UAlbertaBot\VisualStudio\Release\AdversarialSearch.exe
