C:\USERS\DUSTIN\DOCUMENTS\GITHUB\HIERARCHICAL-GDA\CORE\STARCRAFTBOT\BWSAL_0.9.12\BASICAIMODULE\DEBUG\MORPHMANAGER.OBJ
C:\USERS\DUSTIN\DOCUMENTS\GITHUB\HIERARCHICAL-GDA\CORE\STARCRAFTBOT\BWSAL_0.9.12\BASICAIMODULE\DEBUG\PRODUCTIONMANAGER.OBJ
C:\USERS\DUSTIN\DOCUMENTS\GITHUB\HIERARCHICAL-GDA\CORE\STARCRAFTBOT\BWSAL_0.9.12\BASICAIMODULE\DEBUG\SCOUTMANAGER.OBJ
C:\USERS\DUSTIN\DOCUMENTS\GITHUB\HIERARCHICAL-GDA\CORE\STARCRAFTBOT\BWSAL_0.9.12\BASICAIMODULE\DEBUG\SUPPLYMANAGER.OBJ
C:\USERS\DUSTIN\DOCUMENTS\GITHUB\HIERARCHICAL-GDA\CORE\STARCRAFTBOT\BWSAL_0.9.12\BASICAIMODULE\DEBUG\TECHMANAGER.OBJ
C:\USERS\DUSTIN\DOCUMENTS\GITHUB\HIERARCHICAL-GDA\CORE\STARCRAFTBOT\BWSAL_0.9.12\BASICAIMODULE\DEBUG\UNITGROUP.OBJ
C:\USERS\DUSTIN\DOCUMENTS\GITHUB\HIERARCHICAL-GDA\CORE\STARCRAFTBOT\BWSAL_0.9.12\BASICAIMODULE\DEBUG\UNITGROUPMANAGER.OBJ
C:\USERS\DUSTIN\DOCUMENTS\GITHUB\HIERARCHICAL-GDA\CORE\STARCRAFTBOT\BWSAL_0.9.12\BASICAIMODULE\DEBUG\UNITITEM.OBJ
C:\USERS\DUSTIN\DOCUMENTS\GITHUB\HIERARCHICAL-GDA\CORE\STARCRAFTBOT\BWSAL_0.9.12\BASICAIMODULE\DEBUG\UPGRADEMANAGER.OBJ
C:\USERS\DUSTIN\DOCUMENTS\GITHUB\HIERARCHICAL-GDA\CORE\STARCRAFTBOT\BWSAL_0.9.12\BASICAIMODULE\DEBUG\WORKERMANAGER.OBJ
C:\USERS\DUSTIN\DOCUMENTS\GITHUB\HIERARCHICAL-GDA\CORE\STARCRAFTBOT\BWSAL_0.9.12\BASICAIMODULE\DEBUG\ATTACKCLOSESTSCRIPT.OBJ
C:\USERS\DUSTIN\DOCUMENTS\GITHUB\HIERARCHICAL-GDA\CORE\STARCRAFTBOT\BWSAL_0.9.12\BASICAIMODULE\DEBUG\DEBUGPRINTER.OBJ
C:\USERS\DUSTIN\DOCUMENTS\GITHUB\HIERARCHICAL-GDA\CORE\STARCRAFTBOT\BWSAL_0.9.12\BASICAIMODULE\DEBUG\UNITPRODUCTIONMANAGER.OBJ
C:\USERS\DUSTIN\DOCUMENTS\GITHUB\HIERARCHICAL-GDA\CORE\STARCRAFTBOT\BWSAL_0.9.12\BASICAIMODULE\DEBUG\PLANEXECUTOR.OBJ
C:\USERS\DUSTIN\DOCUMENTS\GITHUB\HIERARCHICAL-GDA\CORE\STARCRAFTBOT\BWSAL_0.9.12\BASICAIMODULE\DEBUG\GAMESTATEDUMPER.OBJ
C:\USERS\DUSTIN\DOCUMENTS\GITHUB\HIERARCHICAL-GDA\CORE\STARCRAFTBOT\BWSAL_0.9.12\BASICAIMODULE\DEBUG\BOTAIMODULE.OBJ
C:\USERS\DUSTIN\DOCUMENTS\GITHUB\HIERARCHICAL-GDA\CORE\STARCRAFTBOT\BWSAL_0.9.12\BASICAIMODULE\DEBUG\DLL.OBJ
C:\USERS\DUSTIN\DOCUMENTS\GITHUB\HIERARCHICAL-GDA\CORE\STARCRAFTBOT\BWSAL_0.9.12\BASICAIMODULE\DEBUG\UTIL.OBJ
C:\USERS\DUSTIN\DOCUMENTS\GITHUB\HIERARCHICAL-GDA\CORE\STARCRAFTBOT\BWSAL_0.9.12\BASICAIMODULE\DEBUG\PLANNERCLIENT.OBJ
C:\USERS\DUSTIN\DOCUMENTS\GITHUB\HIERARCHICAL-GDA\CORE\STARCRAFTBOT\BWSAL_0.9.12\BASICAIMODULE\DEBUG\PLANSTEP.OBJ
C:\USERS\DUSTIN\DOCUMENTS\GITHUB\HIERARCHICAL-GDA\CORE\STARCRAFTBOT\BWSAL_0.9.12\BASICAIMODULE\DEBUG\ASSIGNMENT.OBJ
C:\USERS\DUSTIN\DOCUMENTS\GITHUB\HIERARCHICAL-GDA\CORE\STARCRAFTBOT\BWSAL_0.9.12\BASICAIMODULE\DEBUG\BASE.OBJ
C:\USERS\DUSTIN\DOCUMENTS\GITHUB\HIERARCHICAL-GDA\CORE\STARCRAFTBOT\BWSAL_0.9.12\BASICAIMODULE\DEBUG\BASEMANAGER.OBJ
C:\USERS\DUSTIN\DOCUMENTS\GITHUB\HIERARCHICAL-GDA\CORE\STARCRAFTBOT\BWSAL_0.9.12\BASICAIMODULE\DEBUG\BORDERMANAGER.OBJ
C:\USERS\DUSTIN\DOCUMENTS\GITHUB\HIERARCHICAL-GDA\CORE\STARCRAFTBOT\BWSAL_0.9.12\BASICAIMODULE\DEBUG\BUILDINGPLACER.OBJ
C:\USERS\DUSTIN\DOCUMENTS\GITHUB\HIERARCHICAL-GDA\CORE\STARCRAFTBOT\BWSAL_0.9.12\BASICAIMODULE\DEBUG\BUILDMANAGER.OBJ
C:\USERS\DUSTIN\DOCUMENTS\GITHUB\HIERARCHICAL-GDA\CORE\STARCRAFTBOT\BWSAL_0.9.12\BASICAIMODULE\DEBUG\BUILDORDERMANAGER.OBJ
C:\USERS\DUSTIN\DOCUMENTS\GITHUB\HIERARCHICAL-GDA\CORE\STARCRAFTBOT\BWSAL_0.9.12\BASICAIMODULE\DEBUG\CONSTRUCTIONMANAGER.OBJ
C:\USERS\DUSTIN\DOCUMENTS\GITHUB\HIERARCHICAL-GDA\CORE\STARCRAFTBOT\BWSAL_0.9.12\BASICAIMODULE\DEBUG\INFORMATIONMANAGER.OBJ
C:\USERS\DUSTIN\DOCUMENTS\GITHUB\HIERARCHICAL-GDA\CORE\STARCRAFTBOT\BWSAL_0.9.12\BASICAIMODULE\DEBUG\METAUNIT.OBJ
C:\USERS\DUSTIN\DOCUMENTS\GITHUB\HIERARCHICAL-GDA\CORE\STARCRAFTBOT\BWSAL_0.9.12\BASICAIMODULE\DEBUG\VC90.PDB
C:\USERS\DUSTIN\DOCUMENTS\GITHUB\HIERARCHICAL-GDA\CORE\STARCRAFTBOT\BWSAL_0.9.12\BASICAIMODULE\DEBUG\DEFENDSCRIPT.OBJ
C:\Users\dustin\Documents\GitHub\hierarchical-gda\core\StarcraftBot\BWSAL_0.9.12\Debug\HierarchicalGDABot.lib
C:\Users\dustin\Documents\GitHub\hierarchical-gda\core\StarcraftBot\BWSAL_0.9.12\Debug\HierarchicalGDABot.exp
C:\USERS\DUSTIN\DOCUMENTS\GITHUB\HIERARCHICAL-GDA\CORE\STARCRAFTBOT\BWSAL_0.9.12\DEBUG\HIERARCHICALGDABOTD.ILK
C:\USERS\DUSTIN\DOCUMENTS\GITHUB\HIERARCHICAL-GDA\CORE\STARCRAFTBOT\BWSAL_0.9.12\DEBUG\HIERARCHICALGDABOTD.DLL
C:\USERS\DUSTIN\DOCUMENTS\GITHUB\HIERARCHICAL-GDA\CORE\STARCRAFTBOT\BWSAL_0.9.12\BASICAIMODULE\DEBUG\HIERARCHICALGDABOTD.DLL.INTERMEDIATE.MANIFEST
C:\USERS\DUSTIN\DOCUMENTS\GITHUB\HIERARCHICAL-GDA\CORE\STARCRAFTBOT\BWSAL_0.9.12\DEBUG\HIERARCHICALGDABOT.PDB
C:\USERS\DUSTIN\DOCUMENTS\GITHUB\HIERARCHICAL-GDA\CORE\STARCRAFTBOT\BWSAL_0.9.12\BASICAIMODULE\DEBUG\HIERARCHICALGDABOTD.DLL.EMBED.MANIFEST
C:\USERS\DUSTIN\DOCUMENTS\GITHUB\HIERARCHICAL-GDA\CORE\STARCRAFTBOT\BWSAL_0.9.12\BASICAIMODULE\DEBUG\HIERARCHICALGDABOTD.DLL.EMBED.MANIFEST.RES
C:\Users\dustin\Documents\GitHub\hierarchical-gda\core\StarcraftBot\BWSAL_0.9.12\BasicAIModule\Debug\Assignment.obj
C:\Users\dustin\Documents\GitHub\hierarchical-gda\core\StarcraftBot\BWSAL_0.9.12\BasicAIModule\Debug\AttackClosestScript.obj
C:\Users\dustin\Documents\GitHub\hierarchical-gda\core\StarcraftBot\BWSAL_0.9.12\BasicAIModule\Debug\Base.obj
C:\Users\dustin\Documents\GitHub\hierarchical-gda\core\StarcraftBot\BWSAL_0.9.12\BasicAIModule\Debug\BaseManager.obj
C:\Users\dustin\Documents\GitHub\hierarchical-gda\core\StarcraftBot\BWSAL_0.9.12\BasicAIModule\Debug\BorderManager.obj
C:\Users\dustin\Documents\GitHub\hierarchical-gda\core\StarcraftBot\BWSAL_0.9.12\BasicAIModule\Debug\BotAIModule.obj
C:\Users\dustin\Documents\GitHub\hierarchical-gda\core\StarcraftBot\BWSAL_0.9.12\BasicAIModule\Debug\BuildingPlacer.obj
C:\Users\dustin\Documents\GitHub\hierarchical-gda\core\StarcraftBot\BWSAL_0.9.12\BasicAIModule\Debug\BuildManager.obj
C:\Users\dustin\Documents\GitHub\hierarchical-gda\core\StarcraftBot\BWSAL_0.9.12\BasicAIModule\Debug\BuildOrderManager.obj
C:\Users\dustin\Documents\GitHub\hierarchical-gda\core\StarcraftBot\BWSAL_0.9.12\BasicAIModule\Debug\ConstructionManager.obj
C:\Users\dustin\Documents\GitHub\hierarchical-gda\core\StarcraftBot\BWSAL_0.9.12\BasicAIModule\Debug\DebugPrinter.obj
C:\Users\dustin\Documents\GitHub\hierarchical-gda\core\StarcraftBot\BWSAL_0.9.12\BasicAIModule\Debug\DefendScript.obj
C:\Users\dustin\Documents\GitHub\hierarchical-gda\core\StarcraftBot\BWSAL_0.9.12\BasicAIModule\Debug\Dll.obj
C:\Users\dustin\Documents\GitHub\hierarchical-gda\core\StarcraftBot\BWSAL_0.9.12\BasicAIModule\Debug\GamestateDumper.obj
C:\Users\dustin\Documents\GitHub\hierarchical-gda\core\StarcraftBot\BWSAL_0.9.12\BasicAIModule\Debug\InformationManager.obj
C:\Users\dustin\Documents\GitHub\hierarchical-gda\core\StarcraftBot\BWSAL_0.9.12\BasicAIModule\Debug\MetaUnit.obj
C:\Users\dustin\Documents\GitHub\hierarchical-gda\core\StarcraftBot\BWSAL_0.9.12\BasicAIModule\Debug\MorphManager.obj
C:\Users\dustin\Documents\GitHub\hierarchical-gda\core\StarcraftBot\BWSAL_0.9.12\BasicAIModule\Debug\PlanExecutor.obj
C:\Users\dustin\Documents\GitHub\hierarchical-gda\core\StarcraftBot\BWSAL_0.9.12\BasicAIModule\Debug\PlannerClient.obj
C:\Users\dustin\Documents\GitHub\hierarchical-gda\core\StarcraftBot\BWSAL_0.9.12\BasicAIModule\Debug\PlanStep.obj
C:\Users\dustin\Documents\GitHub\hierarchical-gda\core\StarcraftBot\BWSAL_0.9.12\BasicAIModule\Debug\ProductionManager.obj
C:\Users\dustin\Documents\GitHub\hierarchical-gda\core\StarcraftBot\BWSAL_0.9.12\BasicAIModule\Debug\ScoutManager.obj
C:\Users\dustin\Documents\GitHub\hierarchical-gda\core\StarcraftBot\BWSAL_0.9.12\BasicAIModule\Debug\SupplyManager.obj
C:\Users\dustin\Documents\GitHub\hierarchical-gda\core\StarcraftBot\BWSAL_0.9.12\BasicAIModule\Debug\TechManager.obj
C:\Users\dustin\Documents\GitHub\hierarchical-gda\core\StarcraftBot\BWSAL_0.9.12\BasicAIModule\Debug\UnitGroup.obj
C:\Users\dustin\Documents\GitHub\hierarchical-gda\core\StarcraftBot\BWSAL_0.9.12\BasicAIModule\Debug\UnitGroupManager.obj
C:\Users\dustin\Documents\GitHub\hierarchical-gda\core\StarcraftBot\BWSAL_0.9.12\BasicAIModule\Debug\UnitItem.obj
C:\Users\dustin\Documents\GitHub\hierarchical-gda\core\StarcraftBot\BWSAL_0.9.12\BasicAIModule\Debug\UnitProductionManager.obj
C:\Users\dustin\Documents\GitHub\hierarchical-gda\core\StarcraftBot\BWSAL_0.9.12\BasicAIModule\Debug\UpgradeManager.obj
C:\Users\dustin\Documents\GitHub\hierarchical-gda\core\StarcraftBot\BWSAL_0.9.12\BasicAIModule\Debug\Util.obj
C:\Users\dustin\Documents\GitHub\hierarchical-gda\core\StarcraftBot\BWSAL_0.9.12\BasicAIModule\Debug\WorkerManager.obj
C:\Users\dustin\Documents\GitHub\hierarchical-gda\core\StarcraftBot\BWSAL_0.9.12\BasicAIModule\Debug\cl.command.1.tlog
C:\Users\dustin\Documents\GitHub\hierarchical-gda\core\StarcraftBot\BWSAL_0.9.12\BasicAIModule\Debug\CL.read.1.tlog
C:\Users\dustin\Documents\GitHub\hierarchical-gda\core\StarcraftBot\BWSAL_0.9.12\BasicAIModule\Debug\CL.write.1.tlog
C:\Users\dustin\Documents\GitHub\hierarchical-gda\core\StarcraftBot\BWSAL_0.9.12\BasicAIModule\Debug\HierarchicalGDABot.write.1.tlog
C:\Users\dustin\Documents\GitHub\hierarchical-gda\core\StarcraftBot\BWSAL_0.9.12\BasicAIModule\Debug\link-cvtres.read.1.tlog
C:\Users\dustin\Documents\GitHub\hierarchical-gda\core\StarcraftBot\BWSAL_0.9.12\BasicAIModule\Debug\link-cvtres.write.1.tlog
C:\Users\dustin\Documents\GitHub\hierarchical-gda\core\StarcraftBot\BWSAL_0.9.12\BasicAIModule\Debug\link.1032-cvtres.read.1.tlog
C:\Users\dustin\Documents\GitHub\hierarchical-gda\core\StarcraftBot\BWSAL_0.9.12\BasicAIModule\Debug\link.1032-cvtres.write.1.tlog
C:\Users\dustin\Documents\GitHub\hierarchical-gda\core\StarcraftBot\BWSAL_0.9.12\BasicAIModule\Debug\link.1032.read.1.tlog
C:\Users\dustin\Documents\GitHub\hierarchical-gda\core\StarcraftBot\BWSAL_0.9.12\BasicAIModule\Debug\link.1032.write.1.tlog
C:\Users\dustin\Documents\GitHub\hierarchical-gda\core\StarcraftBot\BWSAL_0.9.12\BasicAIModule\Debug\link.11116-cvtres.read.1.tlog
C:\Users\dustin\Documents\GitHub\hierarchical-gda\core\StarcraftBot\BWSAL_0.9.12\BasicAIModule\Debug\link.11116-cvtres.write.1.tlog
C:\Users\dustin\Documents\GitHub\hierarchical-gda\core\StarcraftBot\BWSAL_0.9.12\BasicAIModule\Debug\link.11116.read.1.tlog
C:\Users\dustin\Documents\GitHub\hierarchical-gda\core\StarcraftBot\BWSAL_0.9.12\BasicAIModule\Debug\link.11116.write.1.tlog
C:\Users\dustin\Documents\GitHub\hierarchical-gda\core\StarcraftBot\BWSAL_0.9.12\BasicAIModule\Debug\link.11844-cvtres.read.1.tlog
C:\Users\dustin\Documents\GitHub\hierarchical-gda\core\StarcraftBot\BWSAL_0.9.12\BasicAIModule\Debug\link.11844-cvtres.write.1.tlog
C:\Users\dustin\Documents\GitHub\hierarchical-gda\core\StarcraftBot\BWSAL_0.9.12\BasicAIModule\Debug\link.11844.read.1.tlog
C:\Users\dustin\Documents\GitHub\hierarchical-gda\core\StarcraftBot\BWSAL_0.9.12\BasicAIModule\Debug\link.11844.write.1.tlog
C:\Users\dustin\Documents\GitHub\hierarchical-gda\core\StarcraftBot\BWSAL_0.9.12\BasicAIModule\Debug\link.4504-cvtres.read.1.tlog
C:\Users\dustin\Documents\GitHub\hierarchical-gda\core\StarcraftBot\BWSAL_0.9.12\BasicAIModule\Debug\link.4504-cvtres.write.1.tlog
C:\Users\dustin\Documents\GitHub\hierarchical-gda\core\StarcraftBot\BWSAL_0.9.12\BasicAIModule\Debug\link.4504.read.1.tlog
C:\Users\dustin\Documents\GitHub\hierarchical-gda\core\StarcraftBot\BWSAL_0.9.12\BasicAIModule\Debug\link.4504.write.1.tlog
C:\Users\dustin\Documents\GitHub\hierarchical-gda\core\StarcraftBot\BWSAL_0.9.12\BasicAIModule\Debug\link.5220-cvtres.read.1.tlog
C:\Users\dustin\Documents\GitHub\hierarchical-gda\core\StarcraftBot\BWSAL_0.9.12\BasicAIModule\Debug\link.5220-cvtres.write.1.tlog
C:\Users\dustin\Documents\GitHub\hierarchical-gda\core\StarcraftBot\BWSAL_0.9.12\BasicAIModule\Debug\link.5220.read.1.tlog
C:\Users\dustin\Documents\GitHub\hierarchical-gda\core\StarcraftBot\BWSAL_0.9.12\BasicAIModule\Debug\link.5220.write.1.tlog
C:\Users\dustin\Documents\GitHub\hierarchical-gda\core\StarcraftBot\BWSAL_0.9.12\BasicAIModule\Debug\link.6424-cvtres.read.1.tlog
C:\Users\dustin\Documents\GitHub\hierarchical-gda\core\StarcraftBot\BWSAL_0.9.12\BasicAIModule\Debug\link.6424-cvtres.write.1.tlog
C:\Users\dustin\Documents\GitHub\hierarchical-gda\core\StarcraftBot\BWSAL_0.9.12\BasicAIModule\Debug\link.6424.read.1.tlog
C:\Users\dustin\Documents\GitHub\hierarchical-gda\core\StarcraftBot\BWSAL_0.9.12\BasicAIModule\Debug\link.6424.write.1.tlog
C:\Users\dustin\Documents\GitHub\hierarchical-gda\core\StarcraftBot\BWSAL_0.9.12\BasicAIModule\Debug\link.7564-cvtres.read.1.tlog
C:\Users\dustin\Documents\GitHub\hierarchical-gda\core\StarcraftBot\BWSAL_0.9.12\BasicAIModule\Debug\link.7564-cvtres.write.1.tlog
C:\Users\dustin\Documents\GitHub\hierarchical-gda\core\StarcraftBot\BWSAL_0.9.12\BasicAIModule\Debug\link.7564.read.1.tlog
C:\Users\dustin\Documents\GitHub\hierarchical-gda\core\StarcraftBot\BWSAL_0.9.12\BasicAIModule\Debug\link.7564.write.1.tlog
C:\Users\dustin\Documents\GitHub\hierarchical-gda\core\StarcraftBot\BWSAL_0.9.12\BasicAIModule\Debug\link.8936-cvtres.read.1.tlog
C:\Users\dustin\Documents\GitHub\hierarchical-gda\core\StarcraftBot\BWSAL_0.9.12\BasicAIModule\Debug\link.8936-cvtres.write.1.tlog
C:\Users\dustin\Documents\GitHub\hierarchical-gda\core\StarcraftBot\BWSAL_0.9.12\BasicAIModule\Debug\link.8936.read.1.tlog
C:\Users\dustin\Documents\GitHub\hierarchical-gda\core\StarcraftBot\BWSAL_0.9.12\BasicAIModule\Debug\link.8936.write.1.tlog
C:\Users\dustin\Documents\GitHub\hierarchical-gda\core\StarcraftBot\BWSAL_0.9.12\BasicAIModule\Debug\link.8972-cvtres.read.1.tlog
C:\Users\dustin\Documents\GitHub\hierarchical-gda\core\StarcraftBot\BWSAL_0.9.12\BasicAIModule\Debug\link.8972-cvtres.write.1.tlog
C:\Users\dustin\Documents\GitHub\hierarchical-gda\core\StarcraftBot\BWSAL_0.9.12\BasicAIModule\Debug\link.8972.read.1.tlog
C:\Users\dustin\Documents\GitHub\hierarchical-gda\core\StarcraftBot\BWSAL_0.9.12\BasicAIModule\Debug\link.8972.write.1.tlog
C:\Users\dustin\Documents\GitHub\hierarchical-gda\core\StarcraftBot\BWSAL_0.9.12\BasicAIModule\Debug\link.command.1.tlog
C:\Users\dustin\Documents\GitHub\hierarchical-gda\core\StarcraftBot\BWSAL_0.9.12\BasicAIModule\Debug\link.read.1.tlog
C:\Users\dustin\Documents\GitHub\hierarchical-gda\core\StarcraftBot\BWSAL_0.9.12\BasicAIModule\Debug\link.write.1.tlog
C:\Users\dustin\Documents\GitHub\hierarchical-gda\core\StarcraftBot\BWSAL_0.9.12\BasicAIModule\Debug\mt.command.1.tlog
C:\Users\dustin\Documents\GitHub\hierarchical-gda\core\StarcraftBot\BWSAL_0.9.12\BasicAIModule\Debug\mt.read.1.tlog
C:\Users\dustin\Documents\GitHub\hierarchical-gda\core\StarcraftBot\BWSAL_0.9.12\BasicAIModule\Debug\mt.write.1.tlog
C:\Users\dustin\Documents\GitHub\hierarchical-gda\core\StarcraftBot\BWSAL_0.9.12\BasicAIModule\Debug\rc.command.1.tlog
C:\Users\dustin\Documents\GitHub\hierarchical-gda\core\StarcraftBot\BWSAL_0.9.12\BasicAIModule\Debug\rc.read.1.tlog
C:\Users\dustin\Documents\GitHub\hierarchical-gda\core\StarcraftBot\BWSAL_0.9.12\BasicAIModule\Debug\rc.write.1.tlog
C:\Users\dustin\Documents\GitHub\hierarchical-gda\core\StarcraftBot\BWSAL_0.9.12\BasicAIModule\Debug\HierarchicalGDABotd.dll.embed.manifest
C:\Users\dustin\Documents\GitHub\hierarchical-gda\core\StarcraftBot\BWSAL_0.9.12\BasicAIModule\Debug\HierarchicalGDABotd.dll.intermediate.manifest
C:\Users\dustin\Documents\GitHub\hierarchical-gda\core\StarcraftBot\BWSAL_0.9.12\BasicAIModule\Debug\HierarchicalGDABotd.dll.embed.manifest.res
C:\Users\dustin\Documents\GitHub\hierarchical-gda\core\StarcraftBot\BWSAL_0.9.12\BasicAIModule\Debug\vc90.idb
C:\Users\dustin\Documents\GitHub\hierarchical-gda\core\StarcraftBot\BWSAL_0.9.12\BasicAIModule\Debug\vc90.pdb
C:\Users\dustin\Documents\GitHub\hierarchical-gda\core\StarcraftBot\BWSAL_0.9.12\BasicAIModule\Debug\HierarchicalGDABot_manifest.rc
C:\Users\dustin\Documents\GitHub\hierarchical-gda\core\StarcraftBot\BWSAL_0.9.12\Debug\HierarchicalGDABot.pdb
C:\Users\dustin\Documents\GitHub\hierarchical-gda\core\StarcraftBot\BWSAL_0.9.12\Debug\HierarchicalGDABotd.dll
