C:\USERS\DUSTIN\DOCUMENTS\GITHUB\HIERARCHICAL-GDA\CORE\OTHERBOTS\DEFENDBASEBOT\DEBUG\WORKERMANAGER.OBJ
C:\USERS\DUSTIN\DOCUMENTS\GITHUB\HIERARCHICAL-GDA\CORE\OTHERBOTS\DEFENDBASEBOT\DEBUG\BUILDINGPLACER.OBJ
C:\USERS\DUSTIN\DOCUMENTS\GITHUB\HIERARCHICAL-GDA\CORE\OTHERBOTS\DEFENDBASEBOT\DEBUG\SUPPLYMANAGER.OBJ
C:\USERS\DUSTIN\DOCUMENTS\GITHUB\HIERARCHICAL-GDA\CORE\OTHERBOTS\DEFENDBASEBOT\DEBUG\CONSTRUCTIONMANAGER.OBJ
C:\USERS\DUSTIN\DOCUMENTS\GITHUB\HIERARCHICAL-GDA\CORE\OTHERBOTS\DEFENDBASEBOT\DEBUG\BASE.OBJ
C:\USERS\DUSTIN\DOCUMENTS\GITHUB\HIERARCHICAL-GDA\CORE\OTHERBOTS\DEFENDBASEBOT\DEBUG\BASEMANAGER.OBJ
C:\USERS\DUSTIN\DOCUMENTS\GITHUB\HIERARCHICAL-GDA\CORE\OTHERBOTS\DEFENDBASEBOT\DEBUG\PRODUCTIONMANAGER.OBJ
C:\USERS\DUSTIN\DOCUMENTS\GITHUB\HIERARCHICAL-GDA\CORE\OTHERBOTS\DEFENDBASEBOT\DEBUG\MORPHMANAGER.OBJ
C:\USERS\DUSTIN\DOCUMENTS\GITHUB\HIERARCHICAL-GDA\CORE\OTHERBOTS\DEFENDBASEBOT\DEBUG\BUILDMANAGER.OBJ
C:\USERS\DUSTIN\DOCUMENTS\GITHUB\HIERARCHICAL-GDA\CORE\OTHERBOTS\DEFENDBASEBOT\DEBUG\TECHMANAGER.OBJ
C:\USERS\DUSTIN\DOCUMENTS\GITHUB\HIERARCHICAL-GDA\CORE\OTHERBOTS\DEFENDBASEBOT\DEBUG\UPGRADEMANAGER.OBJ
C:\USERS\DUSTIN\DOCUMENTS\GITHUB\HIERARCHICAL-GDA\CORE\OTHERBOTS\DEFENDBASEBOT\DEBUG\SCOUTMANAGER.OBJ
C:\USERS\DUSTIN\DOCUMENTS\GITHUB\HIERARCHICAL-GDA\CORE\OTHERBOTS\DEFENDBASEBOT\DEBUG\BUILDORDERMANAGER.OBJ
C:\USERS\DUSTIN\DOCUMENTS\GITHUB\HIERARCHICAL-GDA\CORE\OTHERBOTS\DEFENDBASEBOT\DEBUG\METAUNIT.OBJ
C:\USERS\DUSTIN\DOCUMENTS\GITHUB\HIERARCHICAL-GDA\CORE\OTHERBOTS\DEFENDBASEBOT\DEBUG\UNITITEM.OBJ
C:\USERS\DUSTIN\DOCUMENTS\GITHUB\HIERARCHICAL-GDA\CORE\OTHERBOTS\DEFENDBASEBOT\DEBUG\DEFENSEMANAGER.OBJ
C:\USERS\DUSTIN\DOCUMENTS\GITHUB\HIERARCHICAL-GDA\CORE\OTHERBOTS\DEFENDBASEBOT\DEBUG\INFORMATIONMANAGER.OBJ
C:\USERS\DUSTIN\DOCUMENTS\GITHUB\HIERARCHICAL-GDA\CORE\OTHERBOTS\DEFENDBASEBOT\DEBUG\UNITGROUP.OBJ
C:\USERS\DUSTIN\DOCUMENTS\GITHUB\HIERARCHICAL-GDA\CORE\OTHERBOTS\DEFENDBASEBOT\DEBUG\UNITGROUPMANAGER.OBJ
C:\USERS\DUSTIN\DOCUMENTS\GITHUB\HIERARCHICAL-GDA\CORE\OTHERBOTS\DEFENDBASEBOT\DEBUG\BORDERMANAGER.OBJ
C:\USERS\DUSTIN\DOCUMENTS\GITHUB\HIERARCHICAL-GDA\CORE\OTHERBOTS\DEFENDBASEBOT\DEBUG\ASSIGNMENT.OBJ
C:\USERS\DUSTIN\DOCUMENTS\GITHUB\HIERARCHICAL-GDA\CORE\OTHERBOTS\DEFENDBASEBOT\DEBUG\ATTACKCLOSESTSCRIPT.OBJ
C:\USERS\DUSTIN\DOCUMENTS\GITHUB\HIERARCHICAL-GDA\CORE\OTHERBOTS\DEFENDBASEBOT\DEBUG\DLL.OBJ
C:\USERS\DUSTIN\DOCUMENTS\GITHUB\HIERARCHICAL-GDA\CORE\OTHERBOTS\DEFENDBASEBOT\DEBUG\ENHANCEDUI.OBJ
C:\USERS\DUSTIN\DOCUMENTS\GITHUB\HIERARCHICAL-GDA\CORE\OTHERBOTS\DEFENDBASEBOT\DEBUG\RUSHBOT.OBJ
C:\USERS\DUSTIN\DOCUMENTS\GITHUB\HIERARCHICAL-GDA\CORE\OTHERBOTS\DEFENDBASEBOT\DEBUG\UTIL.OBJ
C:\USERS\DUSTIN\DOCUMENTS\GITHUB\HIERARCHICAL-GDA\CORE\OTHERBOTS\DEFENDBASEBOT\DEBUG\VC90.PDB
C:\Users\dustin\Documents\GitHub\hierarchical-gda\core\OtherBots\DefendBaseBot\Debug\DefendBaseBot.lib
C:\Users\dustin\Documents\GitHub\hierarchical-gda\core\OtherBots\DefendBaseBot\Debug\DefendBaseBot.exp
C:\USERS\DUSTIN\DOCUMENTS\GITHUB\HIERARCHICAL-GDA\CORE\OTHERBOTS\DEFENDBASEBOT\DEBUG\DEFENDBASEBOT.ILK
C:\USERS\DUSTIN\DOCUMENTS\GITHUB\HIERARCHICAL-GDA\CORE\OTHERBOTS\DEFENDBASEBOT\DEBUG\DEFENDBASEBOT.DLL
C:\USERS\DUSTIN\DOCUMENTS\GITHUB\HIERARCHICAL-GDA\CORE\OTHERBOTS\DEFENDBASEBOT\DEBUG\DEFENDBASEBOT.DLL.INTERMEDIATE.MANIFEST
C:\USERS\DUSTIN\DOCUMENTS\GITHUB\HIERARCHICAL-GDA\CORE\OTHERBOTS\DEFENDBASEBOT\DEBUG\DEFENDBASEBOT.PDB
C:\USERS\DUSTIN\DOCUMENTS\GITHUB\HIERARCHICAL-GDA\CORE\OTHERBOTS\DEFENDBASEBOT\DEBUG\DEFENDBASEBOT.DLL.EMBED.MANIFEST
C:\USERS\DUSTIN\DOCUMENTS\GITHUB\HIERARCHICAL-GDA\CORE\OTHERBOTS\DEFENDBASEBOT\DEBUG\DEFENDBASEBOT.DLL.EMBED.MANIFEST.RES
C:\Users\dustin\Documents\GitHub\hierarchical-gda\core\OtherBots\DefendBaseBot\Debug\Assignment.obj
C:\Users\dustin\Documents\GitHub\hierarchical-gda\core\OtherBots\DefendBaseBot\Debug\AttackClosestScript.obj
C:\Users\dustin\Documents\GitHub\hierarchical-gda\core\OtherBots\DefendBaseBot\Debug\Base.obj
C:\Users\dustin\Documents\GitHub\hierarchical-gda\core\OtherBots\DefendBaseBot\Debug\BaseManager.obj
C:\Users\dustin\Documents\GitHub\hierarchical-gda\core\OtherBots\DefendBaseBot\Debug\BorderManager.obj
C:\Users\dustin\Documents\GitHub\hierarchical-gda\core\OtherBots\DefendBaseBot\Debug\BuildingPlacer.obj
C:\Users\dustin\Documents\GitHub\hierarchical-gda\core\OtherBots\DefendBaseBot\Debug\BuildManager.obj
C:\Users\dustin\Documents\GitHub\hierarchical-gda\core\OtherBots\DefendBaseBot\Debug\BuildOrderManager.obj
C:\Users\dustin\Documents\GitHub\hierarchical-gda\core\OtherBots\DefendBaseBot\Debug\ConstructionManager.obj
C:\Users\dustin\Documents\GitHub\hierarchical-gda\core\OtherBots\DefendBaseBot\Debug\DefenseManager.obj
C:\Users\dustin\Documents\GitHub\hierarchical-gda\core\OtherBots\DefendBaseBot\Debug\Dll.obj
C:\Users\dustin\Documents\GitHub\hierarchical-gda\core\OtherBots\DefendBaseBot\Debug\EnhancedUI.obj
C:\Users\dustin\Documents\GitHub\hierarchical-gda\core\OtherBots\DefendBaseBot\Debug\InformationManager.obj
C:\Users\dustin\Documents\GitHub\hierarchical-gda\core\OtherBots\DefendBaseBot\Debug\MetaUnit.obj
C:\Users\dustin\Documents\GitHub\hierarchical-gda\core\OtherBots\DefendBaseBot\Debug\MorphManager.obj
C:\Users\dustin\Documents\GitHub\hierarchical-gda\core\OtherBots\DefendBaseBot\Debug\ProductionManager.obj
C:\Users\dustin\Documents\GitHub\hierarchical-gda\core\OtherBots\DefendBaseBot\Debug\RushBot.obj
C:\Users\dustin\Documents\GitHub\hierarchical-gda\core\OtherBots\DefendBaseBot\Debug\ScoutManager.obj
C:\Users\dustin\Documents\GitHub\hierarchical-gda\core\OtherBots\DefendBaseBot\Debug\SupplyManager.obj
C:\Users\dustin\Documents\GitHub\hierarchical-gda\core\OtherBots\DefendBaseBot\Debug\TechManager.obj
C:\Users\dustin\Documents\GitHub\hierarchical-gda\core\OtherBots\DefendBaseBot\Debug\UnitGroup.obj
C:\Users\dustin\Documents\GitHub\hierarchical-gda\core\OtherBots\DefendBaseBot\Debug\UnitGroupManager.obj
C:\Users\dustin\Documents\GitHub\hierarchical-gda\core\OtherBots\DefendBaseBot\Debug\UnitItem.obj
C:\Users\dustin\Documents\GitHub\hierarchical-gda\core\OtherBots\DefendBaseBot\Debug\UpgradeManager.obj
C:\Users\dustin\Documents\GitHub\hierarchical-gda\core\OtherBots\DefendBaseBot\Debug\Util.obj
C:\Users\dustin\Documents\GitHub\hierarchical-gda\core\OtherBots\DefendBaseBot\Debug\WorkerManager.obj
C:\Users\dustin\Documents\GitHub\hierarchical-gda\core\OtherBots\DefendBaseBot\Debug\DefendBaseBot.ilk
C:\Users\dustin\Documents\GitHub\hierarchical-gda\core\OtherBots\DefendBaseBot\Debug\cl.command.1.tlog
C:\Users\dustin\Documents\GitHub\hierarchical-gda\core\OtherBots\DefendBaseBot\Debug\CL.read.1.tlog
C:\Users\dustin\Documents\GitHub\hierarchical-gda\core\OtherBots\DefendBaseBot\Debug\CL.write.1.tlog
C:\Users\dustin\Documents\GitHub\hierarchical-gda\core\OtherBots\DefendBaseBot\Debug\DefendBaseBot.write.1.tlog
C:\Users\dustin\Documents\GitHub\hierarchical-gda\core\OtherBots\DefendBaseBot\Debug\link-cvtres.read.1.tlog
C:\Users\dustin\Documents\GitHub\hierarchical-gda\core\OtherBots\DefendBaseBot\Debug\link-cvtres.write.1.tlog
C:\Users\dustin\Documents\GitHub\hierarchical-gda\core\OtherBots\DefendBaseBot\Debug\link.8880-cvtres.read.1.tlog
C:\Users\dustin\Documents\GitHub\hierarchical-gda\core\OtherBots\DefendBaseBot\Debug\link.8880-cvtres.write.1.tlog
C:\Users\dustin\Documents\GitHub\hierarchical-gda\core\OtherBots\DefendBaseBot\Debug\link.8880.read.1.tlog
C:\Users\dustin\Documents\GitHub\hierarchical-gda\core\OtherBots\DefendBaseBot\Debug\link.8880.write.1.tlog
C:\Users\dustin\Documents\GitHub\hierarchical-gda\core\OtherBots\DefendBaseBot\Debug\link.command.1.tlog
C:\Users\dustin\Documents\GitHub\hierarchical-gda\core\OtherBots\DefendBaseBot\Debug\link.read.1.tlog
C:\Users\dustin\Documents\GitHub\hierarchical-gda\core\OtherBots\DefendBaseBot\Debug\link.write.1.tlog
C:\Users\dustin\Documents\GitHub\hierarchical-gda\core\OtherBots\DefendBaseBot\Debug\mt.command.1.tlog
C:\Users\dustin\Documents\GitHub\hierarchical-gda\core\OtherBots\DefendBaseBot\Debug\mt.read.1.tlog
C:\Users\dustin\Documents\GitHub\hierarchical-gda\core\OtherBots\DefendBaseBot\Debug\mt.write.1.tlog
C:\Users\dustin\Documents\GitHub\hierarchical-gda\core\OtherBots\DefendBaseBot\Debug\rc.command.1.tlog
C:\Users\dustin\Documents\GitHub\hierarchical-gda\core\OtherBots\DefendBaseBot\Debug\rc.read.1.tlog
C:\Users\dustin\Documents\GitHub\hierarchical-gda\core\OtherBots\DefendBaseBot\Debug\rc.write.1.tlog
C:\Users\dustin\Documents\GitHub\hierarchical-gda\core\OtherBots\DefendBaseBot\Debug\DefendBaseBot.dll.embed.manifest
C:\Users\dustin\Documents\GitHub\hierarchical-gda\core\OtherBots\DefendBaseBot\Debug\DefendBaseBot.dll.intermediate.manifest
C:\Users\dustin\Documents\GitHub\hierarchical-gda\core\OtherBots\DefendBaseBot\Debug\DefendBaseBot.dll.embed.manifest.res
C:\Users\dustin\Documents\GitHub\hierarchical-gda\core\OtherBots\DefendBaseBot\Debug\vc90.idb
C:\Users\dustin\Documents\GitHub\hierarchical-gda\core\OtherBots\DefendBaseBot\Debug\DefendBaseBot.pdb
C:\Users\dustin\Documents\GitHub\hierarchical-gda\core\OtherBots\DefendBaseBot\Debug\vc90.pdb
C:\Users\dustin\Documents\GitHub\hierarchical-gda\core\OtherBots\DefendBaseBot\Debug\DefendBaseBot_manifest.rc
C:\Users\dustin\Documents\GitHub\hierarchical-gda\core\OtherBots\DefendBaseBot\Debug\DefendBaseBot.dll
